{"/home/kuri/TiJO_9/app/app.js":{"path":"/home/kuri/TiJO_9/app/app.js","s":{"1":1,"2":13,"3":11,"4":2,"5":1},"b":{"1":[11,2],"2":[13,9,7,6,4,3]},"f":{"1":13},"fnMap":{"1":{"name":"areaOfTrapezoid","line":1,"loc":{"start":{"line":1,"column":0},"end":{"line":2,"column":0}}}},"statementMap":{"1":{"start":{"line":1,"column":0},"end":{"line":8,"column":1}},"2":{"start":{"line":3,"column":4},"end":{"line":6,"column":5}},"3":{"start":{"line":5,"column":8},"end":{"line":5,"column":21}},"4":{"start":{"line":7,"column":4},"end":{"line":7,"column":29}},"5":{"start":{"line":10,"column":0},"end":{"line":12,"column":2}}},"branchMap":{"1":{"line":3,"type":"if","locations":[{"start":{"line":3,"column":4},"end":{"line":3,"column":4}},{"start":{"line":3,"column":4},"end":{"line":3,"column":4}}]},"2":{"line":3,"type":"binary-expr","locations":[{"start":{"line":3,"column":8},"end":{"line":3,"column":13}},{"start":{"line":3,"column":17},"end":{"line":3,"column":22}},{"start":{"line":3,"column":26},"end":{"line":3,"column":31}},{"start":{"line":3,"column":35},"end":{"line":3,"column":56}},{"start":{"line":4,"column":15},"end":{"line":4,"column":36}},{"start":{"line":4,"column":40},"end":{"line":4,"column":61}}]}}}}